#
# There is insufficient memory for the Java Runtime Environment to continue.
# Native memory allocation (malloc) failed to allocate 1048576 bytes for AllocateHeap
# Possible reasons:
#   The system is out of physical RAM or swap space
#   In 32 bit mode, the process size limit was hit
# Possible solutions:
#   Reduce memory load on the system
#   Increase physical memory or swap space
#   Check if swap backing store is full
#   Use 64 bit Java on a 64 bit OS
#   Decrease Java heap size (-Xmx/-Xms)
#   Decrease number of Java threads
#   Decrease Java thread stack sizes (-Xss)
#   Set larger code cache with -XX:ReservedCodeCacheSize=
# This output file may be truncated or incomplete.
#
#  Out of Memory Error (memory/allocation.inline.hpp:61), pid=17780, tid=0x0000000000003cd4
#
# JRE version:  (8.0_144-b01) (build )
# Java VM: Java HotSpot(TM) 64-Bit Server VM (25.144-b01 mixed mode windows-amd64 compressed oops)
# Failed to write core dump. Minidumps are not enabled by default on client versions of Windows
#

---------------  T H R E A D  ---------------

Current thread (0x00000000028dd800):  JavaThread "Unknown thread" [_thread_in_vm, id=15572, stack(0x0000000002730000,0x0000000002830000)]

Stack: [0x0000000002730000,0x0000000002830000]
[error occurred during error reporting (printing stack bounds), id 0xc0000005]

Native frames: (J=compiled Java code, j=interpreted, Vv=VM code, C=native code)


---------------  P R O C E S S  ---------------

Java Threads: ( => current thread )

Other Threads:

=>0x00000000028dd800 (exited) JavaThread "Unknown thread" [_thread_in_vm, id=15572, stack(0x0000000002730000,0x0000000002830000)]

VM state:not at safepoint (normal execution)

VM Mutex/Monitor currently owned by a thread: None

Heap:
 PSYoungGen      total 38400K, used 665K [0x00000000d5f80000, 0x00000000d8a00000, 0x0000000100000000)
  eden space 33280K, 2% used [0x00000000d5f80000,0x00000000d6026670,0x00000000d8000000)
  from space 5120K, 0% used [0x00000000d8500000,0x00000000d8500000,0x00000000d8a00000)
  to   space 5120K, 0% used [0x00000000d8000000,0x00000000d8000000,0x00000000d8500000)
 ParOldGen       total 87552K, used 0K [0x0000000081e00000, 0x0000000087380000, 0x00000000d5f80000)
  object space 87552K, 0% used [0x0000000081e00000,0x0000000081e00000,0x0000000087380000)
 Metaspace       used 746K, capacity 4480K, committed 4480K, reserved 1056768K
  class space    used 75K, capacity 384K, committed 384K, reserved 1048576K

Card table byte_map: [0x0000000011da0000,0x00000000121a0000] byte_map_base: 0x0000000011991000

Marking Bits: (ParMarkBitMap*) 0x000000007209d850
 Begin Bits: [0x0000000012e50000, 0x0000000014dd8000)
 End Bits:   [0x0000000014dd8000, 0x0000000016d60000)

Polling page: 0x00000000023b0000

CodeCache: size=245760Kb used=328Kb max_used=328Kb free=245431Kb
 bounds [0x00000000029e0000, 0x0000000002c50000, 0x00000000119e0000]
 total_blobs=58 nmethods=0 adapters=38
 compilation: enabled

Compilation events (0 events):
No events

GC Heap History (0 events):
No events

Deoptimization events (0 events):
No events

Internal exceptions (0 events):
No events

Events (10 events):
Event: 0.025 loading class java/lang/Short
Event: 0.025 loading class java/lang/Short done
Event: 0.025 loading class java/lang/Integer
Event: 0.026 loading class java/lang/Integer done
Event: 0.026 loading class java/lang/Long
Event: 0.026 loading class java/lang/Long done
Event: 0.026 loading class java/lang/NullPointerException
Event: 0.026 loading class java/lang/NullPointerException done
Event: 0.026 loading class java/lang/ArithmeticException
Event: 0.026 loading class java/lang/ArithmeticException done


Dynamic libraries:
0x00007ff7b12b0000 - 0x00007ff7b12e7000 	C:\Program Files\Java\jre1.8.0_144\bin\javaw.exe
0x00007ff924d20000 - 0x00007ff924f10000 	C:\WINDOWS\SYSTEM32\ntdll.dll
0x00007ff9244c0000 - 0x00007ff924572000 	C:\WINDOWS\System32\KERNEL32.DLL
0x00007ff922700000 - 0x00007ff9229a3000 	C:\WINDOWS\System32\KERNELBASE.dll
0x00007ff924700000 - 0x00007ff9247a3000 	C:\WINDOWS\System32\ADVAPI32.dll
0x00007ff923840000 - 0x00007ff9238de000 	C:\WINDOWS\System32\msvcrt.dll
0x00007ff923c40000 - 0x00007ff923cd7000 	C:\WINDOWS\System32\sechost.dll
0x00007ff9249a0000 - 0x00007ff924ac0000 	C:\WINDOWS\System32\RPCRT4.dll
0x00007ff923e10000 - 0x00007ff923fa4000 	C:\WINDOWS\System32\USER32.dll
0x00007ff922b00000 - 0x00007ff922b21000 	C:\WINDOWS\System32\win32u.dll
0x00007ff9234c0000 - 0x00007ff9234e6000 	C:\WINDOWS\System32\GDI32.dll
0x00007ff922b60000 - 0x00007ff922cf4000 	C:\WINDOWS\System32\gdi32full.dll
0x00007ff9225b0000 - 0x00007ff92264e000 	C:\WINDOWS\System32\msvcp_win.dll
0x00007ff921cd0000 - 0x00007ff921dca000 	C:\WINDOWS\System32\ucrtbase.dll
0x00007ff911b30000 - 0x00007ff911db5000 	C:\WINDOWS\WinSxS\amd64_microsoft.windows.common-controls_6595b64144ccf1df_6.0.18362.535_none_e6c3b34713100821\COMCTL32.dll
0x00007ff9238e0000 - 0x00007ff923c16000 	C:\WINDOWS\System32\combase.dll
0x00007ff922d00000 - 0x00007ff922d80000 	C:\WINDOWS\System32\bcryptPrimitives.dll
0x00007ff924490000 - 0x00007ff9244be000 	C:\WINDOWS\System32\IMM32.DLL
0x00000000738b0000 - 0x0000000073982000 	C:\Program Files\Java\jre1.8.0_144\bin\msvcr100.dll
0x0000000071880000 - 0x000000007211d000 	C:\Program Files\Java\jre1.8.0_144\bin\server\jvm.dll
0x00007ff9246f0000 - 0x00007ff9246f8000 	C:\WINDOWS\System32\PSAPI.DLL
0x00007ff91c9a0000 - 0x00007ff91c9a9000 	C:\WINDOWS\SYSTEM32\WSOCK32.dll
0x00007ff91a430000 - 0x00007ff91a43a000 	C:\WINDOWS\SYSTEM32\VERSION.dll
0x00007ff91a4c0000 - 0x00007ff91a4e4000 	C:\WINDOWS\SYSTEM32\WINMM.dll
0x00007ff924c70000 - 0x00007ff924cdf000 	C:\WINDOWS\System32\WS2_32.dll
0x00007ff91a440000 - 0x00007ff91a46d000 	C:\WINDOWS\SYSTEM32\winmmbase.dll
0x00007ff922d80000 - 0x00007ff922dca000 	C:\WINDOWS\System32\cfgmgr32.dll
0x00000000738a0000 - 0x00000000738af000 	C:\Program Files\Java\jre1.8.0_144\bin\verify.dll
0x0000000073870000 - 0x0000000073899000 	C:\Program Files\Java\jre1.8.0_144\bin\java.dll
0x0000000073850000 - 0x0000000073866000 	C:\Program Files\Java\jre1.8.0_144\bin\zip.dll

VM Arguments:
jvm_args: -Dfile.encoding=GBK 
java_command: MyAdminUse
java_class_path (initial): D:\JAVA\Exam\bin;D:\JAVA\Exam\beautyeye_lnf.jar;D:\JAVA\Exam\mysql-connector-java-5.1.34-bin.jar;D:\JAVA\Exam\bridj-0.7.0.jar;D:\JAVA\Exam\slf4j-api-1.7.2.jar;D:\JAVA\Exam\webcam-capture-0.3.12.jar
Launcher Type: SUN_STANDARD

Environment Variables:
JAVA_HOME=C:\Program Files\Java\jdk1.8.0_144
CLASSPATH=.;C:\Program Files\Java\jdk1.8.0_144\lib\tools.jar;C:\Program Files\Java\jdk1.8.0_144\lib\dt.jar
PATH=C:/Program Files/Java/jdk1.8.0_144/bin/../jre/bin/server;C:/Program Files/Java/jdk1.8.0_144/bin/../jre/bin;C:/Program Files/Java/jdk1.8.0_144/bin/../jre/lib/amd64;D:\Python安装\Scripts\;D;\Python安装\;C;\ProgramData\Oracle\Java\javapath;C:\Program Files (x86)\Intel\Intel(R) Management Engine Components\iCLS\;C:\Program Files\Intel\Intel(R) Management Engine Components\iCLS\;C:\Windows\system32;C:\Windows;C:\Windows\System32\Wbem;C:\Windows\System32\WindowsPowerShell\v1.0\;C:\Windows\System32\OpenSSH\;C:\Program Files (x86)\Intel\Intel(R) Management Engine Components\DAL;C:\Program Files\Intel\Intel(R) Management Engine Components\DAL;C:\Program Files (x86)\Intel\Intel(R) Management Engine Components\IPT;C:\Program Files\Intel\Intel(R) Management Engine Components\IPT;C:\Program Files (x86)\NVIDIA Corporation\PhysX\Common;D:\software\runtime\win64;D:\software\bin;D:\matalab123\runtime\win64;D:\matalab123\bin;D:\123mat\runtime\win64;D:\123mat\bin;d:\Program Files\MATLAB\R2016a\runtime\win64;d:\Program Files\MATLAB\R2016a\bin;d:\Program Files\MATLAB\R2016a\polyspace\bin;C:\mingw64\bin;C:\Program Files\Java\jdk1.8.0_144\bin;D:\SPSS\JRE\bin;D:\git\Git\cmd;C:\WINDOWS\system32;C:\WINDOWS;C:\WINDOWS\System32\Wbem;C:\WINDOWS\System32\WindowsPowerShell\v1.0\;C:\WINDOWS\System32\OpenSSH\;C:\Users\Range\AppData\Local\Programs\Python\Python37-32\Scripts\;C:\Users\Range\AppData\Local\Programs\Python\Python37-32\;C:\Users\Range\AppData\Local\Microsoft\WindowsApps;C:\Program Files\Bandizip\;D:\PyCharm\PyCharm 2019.1.1\bin;D:\PyCharm Community Edition 2019.1.1\bin;C:\Users\Range\AppData\Local\GitHubDesktop\bin;C:\Users\Range\AppData\Local\Microsoft\WindowsApps;;D:\eclipse;
USERNAME=Range
OS=Windows_NT
PROCESSOR_IDENTIFIER=Intel64 Family 6 Model 158 Stepping 10, GenuineIntel



---------------  S Y S T E M  ---------------

OS: Windows 10.0 , 64 bit Build 18362 (10.0.18362.329)

CPU:total 12 (initial active 12) (6 cores per cpu, 2 threads per core) family 6 model 158 stepping 10, cmov, cx8, fxsr, mmx, sse, sse2, sse3, ssse3, sse4.1, sse4.2, popcnt, avx, avx2, aes, clmul, erms, 3dnowpref, lzcnt, ht, tsc, tscinvbit, bmi1, bmi2, adx

Memory: 4k page, physical 8258772k(1960320k free), swap 23724624k(5968k free)

vm_info: Java HotSpot(TM) 64-Bit Server VM (25.144-b01) for windows-amd64 JRE (1.8.0_144-b01), built on Jul 21 2017 21:57:33 by "java_re" with MS VC++ 10.0 (VS2010)

time: Thu Dec 26 00:57:17 2019
elapsed time: 0 seconds (0d 0h 0m 0s)

