#
# A fatal error has been detected by the Java Runtime Environment:
#
#  EXCEPTION_UNCAUGHT_CXX_EXCEPTION (0xe06d7363) at pc=0x00007ff92273a839, pid=9732, tid=0x00000000000003e0
#
# JRE version: Java(TM) SE Runtime Environment (8.0_144-b01) (build 1.8.0_144-b01)
# Java VM: Java HotSpot(TM) 64-Bit Server VM (25.144-b01 mixed mode windows-amd64 compressed oops)
# Problematic frame:
# C  [KERNELBASE.dll+0x3a839]
#
# Failed to write core dump. Minidumps are not enabled by default on client versions of Windows
#
# If you would like to submit a bug report, please visit:
#   http://bugreport.java.com/bugreport/crash.jsp
# The crash happened outside the Java Virtual Machine in native code.
# See problematic frame for where to report the bug.
#

---------------  T H R E A D  ---------------

Current thread (0x0000000019fca000):  JavaThread "AWT-Windows" daemon [_thread_in_native, id=992, stack(0x000000001c450000,0x000000001c550000)]

siginfo: ExceptionCode=0xe06d7363, ExceptionInformation=0x0000000019930520 0x000000001c54de38 0x00000000737de0a0 0x00000000736b0000 

Registers:
RAX=0x00007ff9fd001be6, RBX=0x000000001c54de38, RCX=0x00000000000c0022, RDX=0x0000000002000002
RSP=0x000000001c54dcb0, RBP=0x000000001c54ddf0, RSI=0x00000000241f8240, RDI=0x00000000737de0a0
R8 =0x0000000002000002, R9 =0x0000000000000041, R10=0x0000000001070000, R11=0x000000002420d840
R12=0x0000000000000001, R13=0x00000000001506f6, R14=0x0000000000000000, R15=0x0000000019fca000
RIP=0x00007ff92273a839, EFLAGS=0x0000000000000202

Top of Stack: (sp=0x000000001c54dcb0)
0x000000001c54dcb0:   00000000031e0000 000000001c54de38
0x000000001c54dcc0:   00000000241f8240 0000000000000002
0x000000001c54dcd0:   00000001e06d7363 0000000000000000
0x000000001c54dce0:   00007ff92273a839 0000000000000004
0x000000001c54dcf0:   0000000019930520 000000001c54de38
0x000000001c54dd00:   00000000737de0a0 00000000736b0000
0x000000001c54dd10:   00000000001506f6 0000000000000001
0x000000001c54dd20:   00000000241f8240 000000001c54ddf0
0x000000001c54dd30:   000000001c54de00 00007ff924d3f49f
0x000000001c54dd40:   00000000737de0a0 0000000000000000
0x000000001c54dd50:   0000990b62294c38 0000000000000000
0x000000001c54dd60:   0000000073820000 00000000736b0000
0x000000001c54dd70:   00003f25c64208bf 0000000019c99db0
0x000000001c54dd80:   000000001c54de38 00000000739114f1
0x000000001c54dd90:   000000000000a030 00000000738d5695
0x000000001c54dda0:   000000000000a030 0000000000000000 

Instructions: (pc=0x00007ff92273a839)
0x00007ff92273a819:   8b d1 44 0f 47 c0 44 89 44 24 38 49 c1 e0 03 e8
0x00007ff92273a829:   aa 4c 05 00 48 8d 4c 24 20 48 ff 15 af bf 16 00
0x00007ff92273a839:   0f 1f 44 00 00 48 8b 8c 24 c0 00 00 00 48 33 cc
0x00007ff92273a849:   e8 c2 ee 04 00 48 81 c4 d8 00 00 00 c3 83 64 24 


Register to memory mapping:

RAX=0x00007ff9fd001be6 is an unknown value
RBX=0x000000001c54de38 is pointing into the stack for thread: 0x0000000019fca000
RCX=0x00000000000c0022 is an unknown value
RDX=0x0000000002000002 is an unknown value
RSP=0x000000001c54dcb0 is pointing into the stack for thread: 0x0000000019fca000
RBP=0x000000001c54ddf0 is pointing into the stack for thread: 0x0000000019fca000
RSI=0x00000000241f8240 is an unknown value
RDI=0x00000000737de0a0 is an unknown value
R8 =0x0000000002000002 is an unknown value
R9 =0x0000000000000041 is an unknown value
R10=0x0000000001070000 is an unknown value
R11=0x000000002420d840 is an unknown value
R12=0x0000000000000001 is an unknown value
R13=0x00000000001506f6 is an unknown value
R14=0x0000000000000000 is an unknown value
R15=0x0000000019fca000 is a thread


Stack: [0x000000001c450000,0x000000001c550000],  sp=0x000000001c54dcb0,  free space=1015k
Native frames: (J=compiled Java code, j=interpreted, Vv=VM code, C=native code)
C  [KERNELBASE.dll+0x3a839]

Java frames: (J=compiled Java code, j=interpreted, Vv=VM code)
j  sun.java2d.d3d.D3DGraphicsDevice.getDeviceCapsNative(I)I+0
j  sun.java2d.d3d.D3DGraphicsDevice.access$000(I)I+1
j  sun.java2d.d3d.D3DGraphicsDevice$1.run()V+8
v  ~StubRoutines::call_stub
j  sun.awt.windows.WToolkit.eventLoop()V+0
j  sun.awt.windows.WToolkit.run()V+58
j  java.lang.Thread.run()V+11
v  ~StubRoutines::call_stub

---------------  P R O C E S S  ---------------

Java Threads: ( => current thread )
  0x0000000019fce800 JavaThread "Image Fetcher 0" daemon [_thread_blocked, id=19984, stack(0x000000001d660000,0x000000001d760000)]
=>0x0000000019fca000 JavaThread "AWT-Windows" daemon [_thread_in_native, id=992, stack(0x000000001c450000,0x000000001c550000)]
  0x000000001b960000 JavaThread "AWT-Shutdown" [_thread_blocked, id=18644, stack(0x000000001c150000,0x000000001c250000)]
  0x0000000019fc9000 JavaThread "Java2D Disposer" daemon [_thread_blocked, id=25444, stack(0x000000001c050000,0x000000001c150000)]
  0x0000000019d46000 JavaThread "Service Thread" daemon [_thread_blocked, id=4948, stack(0x000000001b5a0000,0x000000001b6a0000)]
  0x0000000019cb4800 JavaThread "C1 CompilerThread3" daemon [_thread_blocked, id=4740, stack(0x000000001b4a0000,0x000000001b5a0000)]
  0x0000000019cba000 JavaThread "C2 CompilerThread2" daemon [_thread_blocked, id=20644, stack(0x000000001b3a0000,0x000000001b4a0000)]
  0x0000000019ca5800 JavaThread "C2 CompilerThread1" daemon [_thread_blocked, id=26444, stack(0x000000001b2a0000,0x000000001b3a0000)]
  0x0000000019c9f000 JavaThread "C2 CompilerThread0" daemon [_thread_blocked, id=24860, stack(0x000000001b1a0000,0x000000001b2a0000)]
  0x0000000019c97800 JavaThread "Attach Listener" daemon [_thread_blocked, id=22352, stack(0x000000001b0a0000,0x000000001b1a0000)]
  0x000000001856e800 JavaThread "Signal Dispatcher" daemon [_thread_blocked, id=25268, stack(0x000000001afa0000,0x000000001b0a0000)]
  0x0000000019c33000 JavaThread "Finalizer" daemon [_thread_blocked, id=24988, stack(0x000000001aea0000,0x000000001afa0000)]
  0x000000001855d000 JavaThread "Reference Handler" daemon [_thread_blocked, id=23232, stack(0x000000001ada0000,0x000000001aea0000)]
  0x00000000031ed800 JavaThread "main" [_thread_in_native, id=20364, stack(0x00000000031f0000,0x00000000032f0000)]

Other Threads:
  0x0000000018556800 VMThread [stack: 0x000000001aca0000,0x000000001ada0000] [id=6584]
  0x0000000019dc2800 WatcherThread [stack: 0x000000001b6a0000,0x000000001b7a0000] [id=19804]

VM state:not at safepoint (normal execution)

VM Mutex/Monitor currently owned by a thread: None

Heap:
 PSYoungGen      total 38400K, used 4009K [0x00000000d5f80000, 0x00000000d8a00000, 0x0000000100000000)
  eden space 33280K, 12% used [0x00000000d5f80000,0x00000000d636a488,0x00000000d8000000)
  from space 5120K, 0% used [0x00000000d8000000,0x00000000d8000000,0x00000000d8500000)
  to   space 5120K, 0% used [0x00000000d8500000,0x00000000d8500000,0x00000000d8a00000)
 ParOldGen       total 63488K, used 920K [0x0000000081e00000, 0x0000000085c00000, 0x00000000d5f80000)
  object space 63488K, 1% used [0x0000000081e00000,0x0000000081ee6318,0x0000000085c00000)
 Metaspace       used 8353K, capacity 8546K, committed 8832K, reserved 1060864K
  class space    used 994K, capacity 1060K, committed 1152K, reserved 1048576K

Card table byte_map: [0x00000000127b0000,0x0000000012bb0000] byte_map_base: 0x00000000123a1000

Marking Bits: (ParMarkBitMap*) 0x000000007209d850
 Begin Bits: [0x0000000013860000, 0x00000000157e8000)
 End Bits:   [0x00000000157e8000, 0x0000000017770000)

Polling page: 0x0000000000bd0000

CodeCache: size=245760Kb used=1814Kb max_used=1814Kb free=243945Kb
 bounds [0x00000000033f0000, 0x0000000003660000, 0x00000000123f0000]
 total_blobs=773 nmethods=359 adapters=327
 compilation: enabled

Compilation events (10 events):
Event: 0.771 Thread 0x0000000019cb4800  355  s    3       java.util.Vector::elementAt (48 bytes)
Event: 0.771 Thread 0x0000000019cb4800 nmethod 355 0x00000000035b1150 code [0x00000000035b1360, 0x00000000035b1ee8]
Event: 0.771 Thread 0x0000000019cb4800  356       3       java.util.Vector::elementData (7 bytes)
Event: 0.771 Thread 0x0000000019cb4800 nmethod 356 0x00000000035b3fd0 code [0x00000000035b4120, 0x00000000035b4290]
Event: 0.777 Thread 0x0000000019cb4800  357  s    3       java.io.BufferedInputStream::read (113 bytes)
Event: 0.777 Thread 0x0000000019cb4800 nmethod 357 0x00000000035b48d0 code [0x00000000035b4aa0, 0x00000000035b53d8]
Event: 0.777 Thread 0x0000000019cb4800  358       3       sun.awt.image.SunWritableRaster::markDirty (8 bytes)
Event: 0.777 Thread 0x0000000019cb4800 nmethod 358 0x00000000035b5750 code [0x00000000035b58c0, 0x00000000035b5b10]
Event: 0.777 Thread 0x0000000019cb4800  359       3       sun.java2d.StateTrackableDelegate::markDirty (6 bytes)
Event: 0.777 Thread 0x0000000019cb4800 nmethod 359 0x00000000035b5bd0 code [0x00000000035b5d20, 0x00000000035b5e90]

GC Heap History (4 events):
Event: 0.164 GC heap before
{Heap before GC invocations=1 (full 0):
 PSYoungGen      total 38400K, used 3331K [0x00000000d5f80000, 0x00000000d8a00000, 0x0000000100000000)
  eden space 33280K, 10% used [0x00000000d5f80000,0x00000000d62c0d70,0x00000000d8000000)
  from space 5120K, 0% used [0x00000000d8500000,0x00000000d8500000,0x00000000d8a00000)
  to   space 5120K, 0% used [0x00000000d8000000,0x00000000d8000000,0x00000000d8500000)
 ParOldGen       total 87552K, used 0K [0x0000000081e00000, 0x0000000087380000, 0x00000000d5f80000)
  object space 87552K, 0% used [0x0000000081e00000,0x0000000081e00000,0x0000000087380000)
 Metaspace       used 5385K, capacity 5520K, committed 5632K, reserved 1060864K
  class space    used 611K, capacity 689K, committed 768K, reserved 1048576K
Event: 0.165 GC heap after
Heap after GC invocations=1 (full 0):
 PSYoungGen      total 38400K, used 1048K [0x00000000d5f80000, 0x00000000d8a00000, 0x0000000100000000)
  eden space 33280K, 0% used [0x00000000d5f80000,0x00000000d5f80000,0x00000000d8000000)
  from space 5120K, 20% used [0x00000000d8000000,0x00000000d8106010,0x00000000d8500000)
  to   space 5120K, 0% used [0x00000000d8500000,0x00000000d8500000,0x00000000d8a00000)
 ParOldGen       total 87552K, used 8K [0x0000000081e00000, 0x0000000087380000, 0x00000000d5f80000)
  object space 87552K, 0% used [0x0000000081e00000,0x0000000081e02000,0x0000000087380000)
 Metaspace       used 5385K, capacity 5520K, committed 5632K, reserved 1060864K
  class space    used 611K, capacity 689K, committed 768K, reserved 1048576K
}
Event: 0.165 GC heap before
{Heap before GC invocations=2 (full 1):
 PSYoungGen      total 38400K, used 1048K [0x00000000d5f80000, 0x00000000d8a00000, 0x0000000100000000)
  eden space 33280K, 0% used [0x00000000d5f80000,0x00000000d5f80000,0x00000000d8000000)
  from space 5120K, 20% used [0x00000000d8000000,0x00000000d8106010,0x00000000d8500000)
  to   space 5120K, 0% used [0x00000000d8500000,0x00000000d8500000,0x00000000d8a00000)
 ParOldGen       total 87552K, used 8K [0x0000000081e00000, 0x0000000087380000, 0x00000000d5f80000)
  object space 87552K, 0% used [0x0000000081e00000,0x0000000081e02000,0x0000000087380000)
 Metaspace       used 5385K, capacity 5520K, committed 5632K, reserved 1060864K
  class space    used 611K, capacity 689K, committed 768K, reserved 1048576K
Event: 0.172 GC heap after
Heap after GC invocations=2 (full 1):
 PSYoungGen      total 38400K, used 0K [0x00000000d5f80000, 0x00000000d8a00000, 0x0000000100000000)
  eden space 33280K, 0% used [0x00000000d5f80000,0x00000000d5f80000,0x00000000d8000000)
  from space 5120K, 0% used [0x00000000d8000000,0x00000000d8000000,0x00000000d8500000)
  to   space 5120K, 0% used [0x00000000d8500000,0x00000000d8500000,0x00000000d8a00000)
 ParOldGen       total 63488K, used 920K [0x0000000081e00000, 0x0000000085c00000, 0x00000000d5f80000)
  object space 63488K, 1% used [0x0000000081e00000,0x0000000081ee6318,0x0000000085c00000)
 Metaspace       used 5385K, capacity 5520K, committed 5632K, reserved 1058816K
  class space    used 611K, capacity 689K, committed 768K, reserved 1048576K
}

Deoptimization events (0 events):
No events

Internal exceptions (10 events):
Event: 0.030 Thread 0x00000000031ed800 Exception <a 'java/lang/NoSuchMethodError': Method sun.misc.Unsafe.defineClass(Ljava/lang/String;[BII)Ljava/lang/Class; name or signature does not match> (0x00000000d5f87ca8) thrown at [C:\re\workspace\8-2-build-windows-amd64-cygwin\jdk8u144\9417\hotspot\
Event: 0.030 Thread 0x00000000031ed800 Exception <a 'java/lang/NoSuchMethodError': Method sun.misc.Unsafe.prefetchRead(Ljava/lang/Object;J)V name or signature does not match> (0x00000000d5f87f90) thrown at [C:\re\workspace\8-2-build-windows-amd64-cygwin\jdk8u144\9417\hotspot\src\share\vm\prims
Event: 0.104 Thread 0x00000000031ed800 Exception <a 'java/security/PrivilegedActionException'> (0x00000000d605c998) thrown at [C:\re\workspace\8-2-build-windows-amd64-cygwin\jdk8u144\9417\hotspot\src\share\vm\prims\jvm.cpp, line 1390]
Event: 0.104 Thread 0x00000000031ed800 Exception <a 'java/security/PrivilegedActionException'> (0x00000000d605cba8) thrown at [C:\re\workspace\8-2-build-windows-amd64-cygwin\jdk8u144\9417\hotspot\src\share\vm\prims\jvm.cpp, line 1390]
Event: 0.105 Thread 0x00000000031ed800 Exception <a 'java/security/PrivilegedActionException'> (0x00000000d6060818) thrown at [C:\re\workspace\8-2-build-windows-amd64-cygwin\jdk8u144\9417\hotspot\src\share\vm\prims\jvm.cpp, line 1390]
Event: 0.105 Thread 0x00000000031ed800 Exception <a 'java/security/PrivilegedActionException'> (0x00000000d6060a28) thrown at [C:\re\workspace\8-2-build-windows-amd64-cygwin\jdk8u144\9417\hotspot\src\share\vm\prims\jvm.cpp, line 1390]
Event: 0.117 Thread 0x00000000031ed800 Exception <a 'java/io/FileNotFoundException'> (0x00000000d607e1f8) thrown at [C:\re\workspace\8-2-build-windows-amd64-cygwin\jdk8u144\9417\hotspot\src\share\vm\prims\jni.cpp, line 709]
Event: 0.137 Thread 0x00000000031ed800 Exception <a 'java/lang/NoSuchFieldError': method resolution failed> (0x00000000d61f2768) thrown at [C:\re\workspace\8-2-build-windows-amd64-cygwin\jdk8u144\9417\hotspot\src\share\vm\prims\methodHandles.cpp, line 1146]
Event: 0.138 Thread 0x00000000031ed800 Exception <a 'java/lang/NoSuchFieldError': method resolution failed> (0x00000000d61ffb38) thrown at [C:\re\workspace\8-2-build-windows-amd64-cygwin\jdk8u144\9417\hotspot\src\share\vm\prims\methodHandles.cpp, line 1146]
Event: 0.214 Thread 0x00000000031ed800 Exception <a 'java/io/FileNotFoundException'> (0x00000000d5ff6cc0) thrown at [C:\re\workspace\8-2-build-windows-amd64-cygwin\jdk8u144\9417\hotspot\src\share\vm\prims\jni.cpp, line 709]

Events (10 events):
Event: 0.834 loading class sun/java2d/pipe/RenderQueue done
Event: 0.834 loading class sun/java2d/d3d/D3DRenderQueue done
Event: 0.834 loading class sun/java2d/pipe/RenderBuffer
Event: 0.834 loading class sun/java2d/pipe/RenderBuffer done
Event: 0.834 loading class sun/java2d/d3d/D3DRenderQueue$1
Event: 0.834 loading class sun/java2d/d3d/D3DRenderQueue$1 done
Event: 0.835 loading class sun/java2d/d3d/D3DGraphicsDevice$1Result
Event: 0.835 loading class sun/java2d/d3d/D3DGraphicsDevice$1Result done
Event: 0.835 loading class sun/java2d/d3d/D3DGraphicsDevice$1
Event: 0.835 loading class sun/java2d/d3d/D3DGraphicsDevice$1 done


Dynamic libraries:
0x00007ff7b12b0000 - 0x00007ff7b12e7000 	C:\Program Files\Java\jre1.8.0_144\bin\javaw.exe
0x00007ff924d20000 - 0x00007ff924f10000 	C:\WINDOWS\SYSTEM32\ntdll.dll
0x00007ff9244c0000 - 0x00007ff924572000 	C:\WINDOWS\System32\KERNEL32.DLL
0x00007ff922700000 - 0x00007ff9229a3000 	C:\WINDOWS\System32\KERNELBASE.dll
0x00007ff924700000 - 0x00007ff9247a3000 	C:\WINDOWS\System32\ADVAPI32.dll
0x00007ff923840000 - 0x00007ff9238de000 	C:\WINDOWS\System32\msvcrt.dll
0x00007ff923c40000 - 0x00007ff923cd7000 	C:\WINDOWS\System32\sechost.dll
0x00007ff9249a0000 - 0x00007ff924ac0000 	C:\WINDOWS\System32\RPCRT4.dll
0x00007ff923e10000 - 0x00007ff923fa4000 	C:\WINDOWS\System32\USER32.dll
0x00007ff922b00000 - 0x00007ff922b21000 	C:\WINDOWS\System32\win32u.dll
0x00007ff9234c0000 - 0x00007ff9234e6000 	C:\WINDOWS\System32\GDI32.dll
0x00007ff922b60000 - 0x00007ff922cf4000 	C:\WINDOWS\System32\gdi32full.dll
0x00007ff9225b0000 - 0x00007ff92264e000 	C:\WINDOWS\System32\msvcp_win.dll
0x00007ff921cd0000 - 0x00007ff921dca000 	C:\WINDOWS\System32\ucrtbase.dll
0x00007ff911b30000 - 0x00007ff911db5000 	C:\WINDOWS\WinSxS\amd64_microsoft.windows.common-controls_6595b64144ccf1df_6.0.18362.535_none_e6c3b34713100821\COMCTL32.dll
0x00007ff9238e0000 - 0x00007ff923c16000 	C:\WINDOWS\System32\combase.dll
0x00007ff922d00000 - 0x00007ff922d80000 	C:\WINDOWS\System32\bcryptPrimitives.dll
0x00007ff924490000 - 0x00007ff9244be000 	C:\WINDOWS\System32\IMM32.DLL
0x00000000738b0000 - 0x0000000073982000 	C:\Program Files\Java\jre1.8.0_144\bin\msvcr100.dll
0x0000000071880000 - 0x000000007211d000 	C:\Program Files\Java\jre1.8.0_144\bin\server\jvm.dll
0x00007ff9246f0000 - 0x00007ff9246f8000 	C:\WINDOWS\System32\PSAPI.DLL
0x00007ff91a430000 - 0x00007ff91a43a000 	C:\WINDOWS\SYSTEM32\VERSION.dll
0x00007ff91a4c0000 - 0x00007ff91a4e4000 	C:\WINDOWS\SYSTEM32\WINMM.dll
0x00007ff91c9a0000 - 0x00007ff91c9a9000 	C:\WINDOWS\SYSTEM32\WSOCK32.dll
0x00007ff924c70000 - 0x00007ff924cdf000 	C:\WINDOWS\System32\WS2_32.dll
0x00007ff91a440000 - 0x00007ff91a46d000 	C:\WINDOWS\SYSTEM32\winmmbase.dll
0x00007ff922d80000 - 0x00007ff922dca000 	C:\WINDOWS\System32\cfgmgr32.dll
0x00000000738a0000 - 0x00000000738af000 	C:\Program Files\Java\jre1.8.0_144\bin\verify.dll
0x0000000073870000 - 0x0000000073899000 	C:\Program Files\Java\jre1.8.0_144\bin\java.dll
0x0000000073850000 - 0x0000000073866000 	C:\Program Files\Java\jre1.8.0_144\bin\zip.dll
0x00007ff922dd0000 - 0x00007ff9234b5000 	C:\WINDOWS\System32\SHELL32.dll
0x00007ff923ce0000 - 0x00007ff923d89000 	C:\WINDOWS\System32\shcore.dll
0x00007ff921dd0000 - 0x00007ff92254f000 	C:\WINDOWS\System32\windows.storage.dll
0x00007ff921c90000 - 0x00007ff921caf000 	C:\WINDOWS\System32\profapi.dll
0x00007ff921c20000 - 0x00007ff921c6a000 	C:\WINDOWS\System32\powrprof.dll
0x00007ff921bf0000 - 0x00007ff921c00000 	C:\WINDOWS\System32\UMPDC.dll
0x00007ff924bb0000 - 0x00007ff924c02000 	C:\WINDOWS\System32\shlwapi.dll
0x00007ff921c70000 - 0x00007ff921c81000 	C:\WINDOWS\System32\kernel.appcore.dll
0x00007ff921cb0000 - 0x00007ff921cc7000 	C:\WINDOWS\System32\cryptsp.dll
0x00000000736b0000 - 0x0000000073848000 	C:\Program Files\Java\jre1.8.0_144\bin\awt.dll
0x00007ff923770000 - 0x00007ff923834000 	C:\WINDOWS\System32\OLEAUT32.dll
0x00007ff91f7d0000 - 0x00007ff91f85f000 	C:\WINDOWS\SYSTEM32\apphelp.dll
0x00007ff91fbe0000 - 0x00007ff91fc79000 	C:\WINDOWS\system32\uxtheme.dll
0x00007ff924860000 - 0x00007ff924995000 	C:\WINDOWS\System32\MSCTF.dll
0x00007ff924590000 - 0x00007ff9246e6000 	C:\WINDOWS\System32\ole32.dll
0x00007ff920000000 - 0x00007ff92002d000 	C:\WINDOWS\system32\DWMAPI.DLL
0x00007ff920f70000 - 0x00007ff920fa3000 	C:\WINDOWS\system32\rsaenh.dll
0x00007ff922b30000 - 0x00007ff922b56000 	C:\WINDOWS\System32\bcrypt.dll
0x00007ff921ae0000 - 0x00007ff921b05000 	C:\WINDOWS\SYSTEM32\USERENV.dll
0x00007ff9216b0000 - 0x00007ff9216bc000 	C:\WINDOWS\SYSTEM32\CRYPTBASE.dll
0x0000000073640000 - 0x000000007365a000 	C:\Program Files\Java\jre1.8.0_144\bin\net.dll
0x00007ff921400000 - 0x00007ff921467000 	C:\WINDOWS\system32\mswsock.dll
0x00007ff921110000 - 0x00007ff92114a000 	C:\WINDOWS\SYSTEM32\IPHLPAPI.DLL
0x00007ff924480000 - 0x00007ff924488000 	C:\WINDOWS\System32\NSI.dll
0x00007ff91a090000 - 0x00007ff91a0a6000 	C:\WINDOWS\SYSTEM32\dhcpcsvc6.DLL
0x00007ff919f00000 - 0x00007ff919f1c000 	C:\WINDOWS\SYSTEM32\dhcpcsvc.DLL
0x00007ff921150000 - 0x00007ff92121a000 	C:\WINDOWS\SYSTEM32\DNSAPI.dll
0x0000000073620000 - 0x0000000073631000 	C:\Program Files\Java\jre1.8.0_144\bin\nio.dll
0x00007ff8e54a0000 - 0x00007ff8e55f6000 	C:\WINDOWS\system32\opengl32.dll
0x00007ff911540000 - 0x00007ff91156c000 	C:\WINDOWS\SYSTEM32\GLU32.dll
0x00007ff920860000 - 0x00007ff920880000 	C:\WINDOWS\SYSTEM32\dxcore.dll
0x00007ff91ab60000 - 0x00007ff91ad27000 	C:\WINDOWS\system32\d3d9.dll
0x00007ff8e3700000 - 0x00007ff8e38eb000 	C:\WINDOWS\System32\DriverStore\FileRepository\iigd_dch_base.inf_amd64_a5a132c6d8339491\igdumdim64.dll
0x00007ff8c1d00000 - 0x00007ff8c527d000 	C:\WINDOWS\System32\DriverStore\FileRepository\iigd_dch_base.inf_amd64_a5a132c6d8339491\igd9dxva64.dll
0x00007ff91a570000 - 0x00007ff91a65e000 	C:\WINDOWS\System32\DriverStore\FileRepository\nvlt.inf_amd64_c6d6cb31ef300e00\nvldumdx.dll
0x00007ff9229b0000 - 0x00007ff922af9000 	C:\WINDOWS\System32\crypt32.dll
0x00007ff921c00000 - 0x00007ff921c12000 	C:\WINDOWS\System32\MSASN1.dll
0x00007ff922550000 - 0x00007ff9225ac000 	C:\WINDOWS\System32\WINTRUST.DLL
0x00007ff923c20000 - 0x00007ff923c3d000 	C:\WINDOWS\System32\imagehlp.dll
0x00007ff8c01f0000 - 0x00007ff8c162c000 	C:\WINDOWS\System32\DriverStore\FileRepository\nvlt.inf_amd64_c6d6cb31ef300e00\nvd3dumx.dll
0x00007ff920810000 - 0x00007ff920832000 	C:\WINDOWS\SYSTEM32\gpapi.dll
0x00007ff918e70000 - 0x00007ff918e9f000 	C:\WINDOWS\SYSTEM32\cryptnet.dll

VM Arguments:
jvm_args: -Dfile.encoding=GBK 
java_command: MyAdminUse
java_class_path (initial): D:\JAVA\Exam\bin;D:\JAVA\Exam\beautyeye_lnf.jar;D:\JAVA\Exam\mysql-connector-java-5.1.34-bin.jar;D:\JAVA\Exam\bridj-0.7.0.jar;D:\JAVA\Exam\slf4j-api-1.7.2.jar;D:\JAVA\Exam\webcam-capture-0.3.12.jar
Launcher Type: SUN_STANDARD

Environment Variables:
JAVA_HOME=C:\Program Files\Java\jdk1.8.0_144
CLASSPATH=.;C:\Program Files\Java\jdk1.8.0_144\lib\tools.jar;C:\Program Files\Java\jdk1.8.0_144\lib\dt.jar
PATH=C:/Program Files/Java/jdk1.8.0_144/bin/../jre/bin/server;C:/Program Files/Java/jdk1.8.0_144/bin/../jre/bin;C:/Program Files/Java/jdk1.8.0_144/bin/../jre/lib/amd64;D:\Python安装\Scripts\;D;\Python安装\;C;\ProgramData\Oracle\Java\javapath;C:\Program Files (x86)\Intel\Intel(R) Management Engine Components\iCLS\;C:\Program Files\Intel\Intel(R) Management Engine Components\iCLS\;C:\Windows\system32;C:\Windows;C:\Windows\System32\Wbem;C:\Windows\System32\WindowsPowerShell\v1.0\;C:\Windows\System32\OpenSSH\;C:\Program Files (x86)\Intel\Intel(R) Management Engine Components\DAL;C:\Program Files\Intel\Intel(R) Management Engine Components\DAL;C:\Program Files (x86)\Intel\Intel(R) Management Engine Components\IPT;C:\Program Files\Intel\Intel(R) Management Engine Components\IPT;C:\Program Files (x86)\NVIDIA Corporation\PhysX\Common;D:\software\runtime\win64;D:\software\bin;D:\matalab123\runtime\win64;D:\matalab123\bin;D:\123mat\runtime\win64;D:\123mat\bin;d:\Program Files\MATLAB\R2016a\runtime\win64;d:\Program Files\MATLAB\R2016a\bin;d:\Program Files\MATLAB\R2016a\polyspace\bin;C:\mingw64\bin;C:\Program Files\Java\jdk1.8.0_144\bin;D:\SPSS\JRE\bin;D:\git\Git\cmd;C:\WINDOWS\system32;C:\WINDOWS;C:\WINDOWS\System32\Wbem;C:\WINDOWS\System32\WindowsPowerShell\v1.0\;C:\WINDOWS\System32\OpenSSH\;C:\Users\Range\AppData\Local\Programs\Python\Python37-32\Scripts\;C:\Users\Range\AppData\Local\Programs\Python\Python37-32\;C:\Users\Range\AppData\Local\Microsoft\WindowsApps;C:\Program Files\Bandizip\;D:\PyCharm\PyCharm 2019.1.1\bin;D:\PyCharm Community Edition 2019.1.1\bin;C:\Users\Range\AppData\Local\GitHubDesktop\bin;C:\Users\Range\AppData\Local\Microsoft\WindowsApps;;D:\eclipse;
USERNAME=Range
OS=Windows_NT
PROCESSOR_IDENTIFIER=Intel64 Family 6 Model 158 Stepping 10, GenuineIntel



---------------  S Y S T E M  ---------------

OS: Windows 10.0 , 64 bit Build 18362 (10.0.18362.329)

CPU:total 12 (initial active 12) (6 cores per cpu, 2 threads per core) family 6 model 158 stepping 10, cmov, cx8, fxsr, mmx, sse, sse2, sse3, ssse3, sse4.1, sse4.2, popcnt, avx, avx2, aes, clmul, erms, 3dnowpref, lzcnt, ht, tsc, tscinvbit, bmi1, bmi2, adx

Memory: 4k page, physical 8258772k(1952092k free), swap 23724624k(1032k free)

vm_info: Java HotSpot(TM) 64-Bit Server VM (25.144-b01) for windows-amd64 JRE (1.8.0_144-b01), built on Jul 21 2017 21:57:33 by "java_re" with MS VC++ 10.0 (VS2010)

time: Thu Dec 26 00:57:32 2019
elapsed time: 0 seconds (0d 0h 0m 0s)

